Determining if the pthread_create exist failed with the following output:
Change Dir: /home/exbot/catkin_ws/build/CMakeFiles/CMakeTmp

Run Build Command:/usr/bin/make "cmTryCompileExec2390744759/fast"
/usr/bin/make -f CMakeFiles/cmTryCompileExec2390744759.dir/build.make CMakeFiles/cmTryCompileExec2390744759.dir/build
make[1]: 正在进入目录 `/home/exbot/catkin_ws/build/CMakeFiles/CMakeTmp'
/usr/bin/cmake -E cmake_progress_report /home/exbot/catkin_ws/build/CMakeFiles/CMakeTmp/CMakeFiles 1
Building C object CMakeFiles/cmTryCompileExec2390744759.dir/CheckSymbolExists.c.o
/usr/bin/cc    -o CMakeFiles/cmTryCompileExec2390744759.dir/CheckSymbolExists.c.o   -c /home/exbot/catkin_ws/build/CMakeFiles/CMakeTmp/CheckSymbolExists.c
Linking C executable cmTryCompileExec2390744759
/usr/bin/cmake -E cmake_link_script CMakeFiles/cmTryCompileExec2390744759.dir/link.txt --verbose=1
/usr/bin/cc       CMakeFiles/cmTryCompileExec2390744759.dir/CheckSymbolExists.c.o  -o cmTryCompileExec2390744759 -rdynamic 
CMakeFiles/cmTryCompileExec2390744759.dir/CheckSymbolExists.c.o：在函数‘main’中：
CheckSymbolExists.c:(.text+0x16)：对‘pthread_create’未定义的引用
collect2: error: ld returned 1 exit status
make[1]: *** [cmTryCompileExec2390744759] 错误 1
make[1]:正在离开目录 `/home/exbot/catkin_ws/build/CMakeFiles/CMakeTmp'
make: *** [cmTryCompileExec2390744759/fast] 错误 2

File /home/exbot/catkin_ws/build/CMakeFiles/CMakeTmp/CheckSymbolExists.c:
/* */
#include <pthread.h>

int main(int argc, char** argv)
{
  (void)argv;
#ifndef pthread_create
  return ((int*)(&pthread_create))[argc];
#else
  (void)argc;
  return 0;
#endif
}

Determining if the function pthread_create exists in the pthreads failed with the following output:
Change Dir: /home/exbot/catkin_ws/build/CMakeFiles/CMakeTmp

Run Build Command:/usr/bin/make "cmTryCompileExec825082624/fast"
/usr/bin/make -f CMakeFiles/cmTryCompileExec825082624.dir/build.make CMakeFiles/cmTryCompileExec825082624.dir/build
make[1]: 正在进入目录 `/home/exbot/catkin_ws/build/CMakeFiles/CMakeTmp'
/usr/bin/cmake -E cmake_progress_report /home/exbot/catkin_ws/build/CMakeFiles/CMakeTmp/CMakeFiles 1
Building C object CMakeFiles/cmTryCompileExec825082624.dir/CheckFunctionExists.c.o
/usr/bin/cc   -DCHECK_FUNCTION_EXISTS=pthread_create   -o CMakeFiles/cmTryCompileExec825082624.dir/CheckFunctionExists.c.o   -c /usr/share/cmake-2.8/Modules/CheckFunctionExists.c
Linking C executable cmTryCompileExec825082624
/usr/bin/cmake -E cmake_link_script CMakeFiles/cmTryCompileExec825082624.dir/link.txt --verbose=1
/usr/bin/cc   -DCHECK_FUNCTION_EXISTS=pthread_create    CMakeFiles/cmTryCompileExec825082624.dir/CheckFunctionExists.c.o  -o cmTryCompileExec825082624 -rdynamic -lpthreads 
/usr/bin/ld: cannot find -lpthreads
collect2: error: ld returned 1 exit status
make[1]: *** [cmTryCompileExec825082624] 错误 1
make[1]:正在离开目录 `/home/exbot/catkin_ws/build/CMakeFiles/CMakeTmp'
make: *** [cmTryCompileExec825082624/fast] 错误 2


